<?xml version="1.0" encoding="UTF-8"?>
<testng-results skipped="0" failed="1" ignored="0" total="2" passed="1">
  <reporter-output>
  </reporter-output>
  <suite name="Default suite" duration-ms="89742" started-at="2018-05-10T10:49:32Z" finished-at="2018-05-10T10:51:02Z">
    <groups>
    </groups>
    <test name="Default test" duration-ms="89742" started-at="2018-05-10T10:49:32Z" finished-at="2018-05-10T10:51:02Z">
      <class name="com.SLP.qa.testcases.CreatefbkeywordpageTest">
        <test-method status="PASS" signature="setup()[pri:0, instance:com.SLP.qa.testcases.CreatefbkeywordpageTest@1e88b3c]" name="setup" is-config="true" duration-ms="44585" started-at="2018-05-10T10:49:32Z" finished-at="2018-05-10T10:50:17Z">
          <reporter-output>
          </reporter-output>
        </test-method> <!-- setup -->
        <test-method status="PASS" signature="createkeywordTest()[pri:1, instance:com.SLP.qa.testcases.CreatefbkeywordpageTest@1e88b3c]" name="createkeywordTest" duration-ms="393" started-at="2018-05-10T10:50:17Z" finished-at="2018-05-10T10:50:17Z">
          <reporter-output>
          </reporter-output>
        </test-method> <!-- createkeywordTest -->
        <test-method status="PASS" signature="tearDown()[pri:0, instance:com.SLP.qa.testcases.CreatefbkeywordpageTest@1e88b3c]" name="tearDown" is-config="true" duration-ms="1" started-at="2018-05-10T10:50:17Z" finished-at="2018-05-10T10:50:17Z">
          <reporter-output>
          </reporter-output>
        </test-method> <!-- tearDown -->
        <test-method status="PASS" signature="setup()[pri:0, instance:com.SLP.qa.testcases.CreatefbkeywordpageTest@1e88b3c]" name="setup" is-config="true" duration-ms="44650" started-at="2018-05-10T10:50:17Z" finished-at="2018-05-10T10:51:02Z">
          <reporter-output>
          </reporter-output>
        </test-method> <!-- setup -->
        <test-method status="FAIL" signature="verifiyCreatefbkeywordpageTest()[pri:0, instance:com.SLP.qa.testcases.CreatefbkeywordpageTest@1e88b3c]" name="verifiyCreatefbkeywordpageTest" duration-ms="15" started-at="2018-05-10T10:51:02Z" depends-on-methods="com.SLP.qa.testcases.CreatefbkeywordpageTest.createkeywordTest" finished-at="2018-05-10T10:51:02Z">
          <exception class="java.lang.AssertionError">
            <message>
              <![CDATA[expected [https://www.socioleadspro.com/FacebookKeywords] but found [https://www.socioleadspro.com/keywords/create]]]>
            </message>
            <full-stacktrace>
              <![CDATA[java.lang.AssertionError: expected [https://www.socioleadspro.com/FacebookKeywords] but found [https://www.socioleadspro.com/keywords/create]
at org.testng.Assert.fail(Assert.java:96)
at org.testng.Assert.failNotEquals(Assert.java:776)
at org.testng.Assert.assertEqualsImpl(Assert.java:137)
at org.testng.Assert.assertEquals(Assert.java:118)
at org.testng.Assert.assertEquals(Assert.java:453)
at org.testng.Assert.assertEquals(Assert.java:463)
at com.SLP.qa.testcases.CreatefbkeywordpageTest.verifiyCreatefbkeywordpageTest(CreatefbkeywordpageTest.java:46)
at sun.reflect.NativeMethodAccessorImpl.invoke0(Native Method)
at sun.reflect.NativeMethodAccessorImpl.invoke(Unknown Source)
at sun.reflect.DelegatingMethodAccessorImpl.invoke(Unknown Source)
at java.lang.reflect.Method.invoke(Unknown Source)
at org.testng.internal.MethodInvocationHelper.invokeMethod(MethodInvocationHelper.java:124)
at org.testng.internal.Invoker.invokeMethod(Invoker.java:583)
at org.testng.internal.Invoker.invokeTestMethod(Invoker.java:719)
at org.testng.internal.Invoker.invokeTestMethods(Invoker.java:989)
at org.testng.internal.TestMethodWorker.invokeTestMethods(TestMethodWorker.java:125)
at org.testng.internal.TestMethodWorker.run(TestMethodWorker.java:109)
at org.testng.TestRunner.privateRun(TestRunner.java:648)
at org.testng.TestRunner.run(TestRunner.java:505)
at org.testng.SuiteRunner.runTest(SuiteRunner.java:455)
at org.testng.SuiteRunner.runSequentially(SuiteRunner.java:450)
at org.testng.SuiteRunner.privateRun(SuiteRunner.java:415)
at org.testng.SuiteRunner.run(SuiteRunner.java:364)
at org.testng.SuiteRunnerWorker.runSuite(SuiteRunnerWorker.java:52)
at org.testng.SuiteRunnerWorker.run(SuiteRunnerWorker.java:84)
at org.testng.TestNG.runSuitesSequentially(TestNG.java:1208)
at org.testng.TestNG.runSuitesLocally(TestNG.java:1137)
at org.testng.TestNG.runSuites(TestNG.java:1049)
at org.testng.TestNG.run(TestNG.java:1017)
at org.testng.remote.AbstractRemoteTestNG.run(AbstractRemoteTestNG.java:114)
at org.testng.remote.RemoteTestNG.initAndRun(RemoteTestNG.java:251)
at org.testng.remote.RemoteTestNG.main(RemoteTestNG.java:77)
]]>
            </full-stacktrace>
          </exception> <!-- java.lang.AssertionError -->
          <reporter-output>
          </reporter-output>
        </test-method> <!-- verifiyCreatefbkeywordpageTest -->
        <test-method status="PASS" signature="tearDown()[pri:0, instance:com.SLP.qa.testcases.CreatefbkeywordpageTest@1e88b3c]" name="tearDown" is-config="true" duration-ms="0" started-at="2018-05-10T10:51:02Z" finished-at="2018-05-10T10:51:02Z">
          <reporter-output>
          </reporter-output>
        </test-method> <!-- tearDown -->
      </class> <!-- com.SLP.qa.testcases.CreatefbkeywordpageTest -->
    </test> <!-- Default test -->
  </suite> <!-- Default suite -->
</testng-results>
